<?xml version="1.0" encoding="UTF-8"?>
<testsuite xmlns:xsi="http://www.w3.org/2001/XMLSchema-instance" xsi:noNamespaceSchemaLocation="https://maven.apache.org/surefire/maven-surefire-plugin/xsd/surefire-test-report-3.0.xsd" version="3.0" name="org.pancakelab.service.PancakeServiceTest" time="0.54" tests="7" errors="4" skipped="0" failures="0">
  <properties>
[...]
</properties>
  <testcase name="GivenOrderDoesNotExist_WhenCreatingOrder_ThenOrderCreatedWithCorrectData_Test" classname="org.pancakelab.service.PancakeServiceTest" time="0.099">
    <system-out><![CDATA[Order created with ID: 2697c0fe-7252-4cf5-9d57-92d835d5ca09
]]></system-out>
  </testcase>
  <testcase name="GivenOrderExists_WhenAddingPancakes_ThenCorrectNumberOfPancakesAdded_Test" classname="org.pancakelab.service.PancakeServiceTest" time="0.013">
    <error message="d != java.lang.String" type="java.util.IllegalFormatConversionException"><![CDATA[java.util.IllegalFormatConversionException: d != java.lang.String
	at java.base/java.util.Formatter$FormatSpecifier.failConversion(Formatter.java:4710)
	at java.base/java.util.Formatter$FormatSpecifier.printInteger(Formatter.java:3248)
	at java.base/java.util.Formatter$FormatSpecifier.print(Formatter.java:3203)
	at java.base/java.util.Formatter.format(Formatter.java:2801)
	at java.base/java.util.Formatter.format(Formatter.java:2738)
	at java.base/java.lang.String.formatted(String.java:4543)
	at org.pancakelab.service.OrderLog.logAddPancake(OrderLog.java:16)
	at org.pancakelab.service.PancakeService.addPancake(PancakeService.java:82)
	at org.pancakelab.service.PancakeService.addDarkChocolatePancake(PancakeService.java:39)
	at org.pancakelab.service.PancakeServiceTest.addPancakes(PancakeServiceTest.java:173)
	at org.pancakelab.service.PancakeServiceTest.GivenOrderExists_WhenAddingPancakes_ThenCorrectNumberOfPancakesAdded_Test(PancakeServiceTest.java:51)
	at java.base/java.lang.reflect.Method.invoke(Method.java:580)
	at java.base/java.util.ArrayList.forEach(ArrayList.java:1597)
	at java.base/java.util.ArrayList.forEach(ArrayList.java:1597)
]]></error>
  </testcase>
  <testcase name="GivenPancakesExists_WhenRemovingPancakes_ThenCorrectNumberOfPancakesRemoved_Test" classname="org.pancakelab.service.PancakeServiceTest" time="0.005">
    <error message="d != java.lang.String" type="java.util.IllegalFormatConversionException"><![CDATA[java.util.IllegalFormatConversionException: d != java.lang.String
	at java.base/java.util.Formatter$FormatSpecifier.failConversion(Formatter.java:4710)
	at java.base/java.util.Formatter$FormatSpecifier.printInteger(Formatter.java:3248)
	at java.base/java.util.Formatter$FormatSpecifier.print(Formatter.java:3203)
	at java.base/java.util.Formatter.format(Formatter.java:2801)
	at java.base/java.util.Formatter.format(Formatter.java:2738)
	at java.base/java.lang.String.formatted(String.java:4543)
	at org.pancakelab.service.OrderLog.logRemovePancakes(OrderLog.java:24)
	at org.pancakelab.service.PancakeService.removePancakes(PancakeService.java:94)
	at org.pancakelab.service.PancakeServiceTest.GivenPancakesExists_WhenRemovingPancakes_ThenCorrectNumberOfPancakesRemoved_Test(PancakeServiceTest.java:75)
	at java.base/java.lang.reflect.Method.invoke(Method.java:580)
	at java.base/java.util.ArrayList.forEach(ArrayList.java:1597)
	at java.base/java.util.ArrayList.forEach(ArrayList.java:1597)
]]></error>
  </testcase>
  <testcase name="GivenOrderExists_WhenCompletingOrder_ThenOrderCompleted_Test" classname="org.pancakelab.service.PancakeServiceTest" time="0.002"/>
  <testcase name="GivenOrderExists_WhenPreparingOrder_ThenOrderPrepared_Test" classname="org.pancakelab.service.PancakeServiceTest" time="0.001"/>
  <testcase name="GivenOrderExists_WhenDeliveringOrder_ThenCorrectOrderReturnedAndOrderRemovedFromTheDatabase_Test" classname="org.pancakelab.service.PancakeServiceTest" time="0.004">
    <error message="d != java.lang.String" type="java.util.IllegalFormatConversionException"><![CDATA[java.util.IllegalFormatConversionException: d != java.lang.String
	at java.base/java.util.Formatter$FormatSpecifier.failConversion(Formatter.java:4710)
	at java.base/java.util.Formatter$FormatSpecifier.printInteger(Formatter.java:3248)
	at java.base/java.util.Formatter$FormatSpecifier.print(Formatter.java:3203)
	at java.base/java.util.Formatter.format(Formatter.java:2801)
	at java.base/java.util.Formatter.format(Formatter.java:2738)
	at java.base/java.lang.String.formatted(String.java:4543)
	at org.pancakelab.service.OrderLog.logDeliverOrder(OrderLog.java:36)
	at org.pancakelab.service.PancakeService.deliverOrder(PancakeService.java:131)
	at org.pancakelab.service.PancakeServiceTest.GivenOrderExists_WhenDeliveringOrder_ThenCorrectOrderReturnedAndOrderRemovedFromTheDatabase_Test(PancakeServiceTest.java:129)
	at java.base/java.lang.reflect.Method.invoke(Method.java:580)
	at java.base/java.util.ArrayList.forEach(ArrayList.java:1597)
	at java.base/java.util.ArrayList.forEach(ArrayList.java:1597)
]]></error>
  </testcase>
  <testcase name="GivenOrderExists_WhenCancellingOrder_ThenOrderAndPancakesRemoved_Test" classname="org.pancakelab.service.PancakeServiceTest" time="0.062">
    <error message="d != java.lang.String" type="java.util.IllegalFormatConversionException"><![CDATA[java.util.IllegalFormatConversionException: d != java.lang.String
	at java.base/java.util.Formatter$FormatSpecifier.failConversion(Formatter.java:4710)
	at java.base/java.util.Formatter$FormatSpecifier.printInteger(Formatter.java:3248)
	at java.base/java.util.Formatter$FormatSpecifier.print(Formatter.java:3203)
	at java.base/java.util.Formatter.format(Formatter.java:2801)
	at java.base/java.util.Formatter.format(Formatter.java:2738)
	at java.base/java.lang.String.formatted(String.java:4543)
	at org.pancakelab.service.OrderLog.logAddPancake(OrderLog.java:16)
	at org.pancakelab.service.PancakeService.addPancake(PancakeService.java:82)
	at org.pancakelab.service.PancakeService.addDarkChocolatePancake(PancakeService.java:39)
	at org.pancakelab.service.PancakeServiceTest.addPancakes(PancakeServiceTest.java:173)
	at org.pancakelab.service.PancakeServiceTest.GivenOrderExists_WhenCancellingOrder_ThenOrderAndPancakesRemoved_Test(PancakeServiceTest.java:153)
	at java.base/java.lang.reflect.Method.invoke(Method.java:580)
	at java.base/java.util.ArrayList.forEach(ArrayList.java:1597)
	at java.base/java.util.ArrayList.forEach(ArrayList.java:1597)
]]></error>
    <system-out><![CDATA[Order created with ID: c85db802-45e0-4234-b40c-b23aa7b5b08e
]]></system-out>
  </testcase>
</testsuite>